2023-01-10T16:32:04.506Z - info: [ui] [AppStore] loading 0 repositories from store
2023-01-10T16:32:04.622Z - info: [ui] [Welcome] no sign in step found. ignoring...
2023-01-10T16:32:04.623Z - info: [ui] launching: 3.1.1-linux1 (Linux 6.1.1-1-MANJARO)
2023-01-10T16:32:04.623Z - info: [ui] execPath: '/opt/github-desktop/github-desktop'
2023-01-10T16:32:04.650Z - info: [ui] [Welcome] no sign in step found. ignoring...
2023-01-10T16:32:04.744Z - info: [ui] Opt in reported.
2023-01-10T16:32:04.751Z - info: [ui] [Welcome] no sign in step found. ignoring...
2023-01-10T16:32:08.054Z - info: [ui] [Welcome] advancing to step: SignInToDotComWithBrowser
2023-01-10T16:32:08.056Z - info: [ui] [SignInStore] initializing OAuth flow
2023-01-10T16:32:08.061Z - info: [main] opening in browser: https://github.com/login/oauth/authorize?client_id=3a723b10ac5575cc5bb9&scope=repo%20user%20workflow&state=9c0d32e9-665f-49f0-ac35-53e42f922330
2023-01-10T16:32:08.062Z - info: [ui] [Welcome] current sign in state not found. ignoring...
2023-01-10T16:32:09.616Z - info: [ui] [Welcome] kind Authentication is the same as Authentication. ignoring...
2023-01-10T16:32:11.197Z - info: [main] Received possible protocol arguments: 4
2023-01-10T16:32:11.197Z - info: [main] Processing protocol url
2023-01-10T16:32:11.198Z - info: [ui] [Dispatcher] requesting authenticated user
2023-01-10T16:32:11.213Z - info: [ui] [Welcome] kind Authentication is the same as Authentication. ignoring...
2023-01-10T16:32:11.632Z - info: [ui] [Welcome] kind Authentication is the same as Authentication. ignoring...
2023-01-10T16:32:11.783Z - info: [ui] [SignInStore] account resolved
2023-01-10T16:32:11.784Z - info: [ui] [AppStore] adding account thering0010 (Alex Bush) to store
2023-01-10T16:32:11.799Z - info: [ui] [Welcome] advancing to step: ConfigureGit
2023-01-10T16:32:11.871Z - info: [ui] [Welcome] no sign in step found. ignoring...
2023-01-10T16:32:12.066Z - info: [ui] [Welcome] no sign in step found. ignoring...
2023-01-10T16:32:12.098Z - info: [ui] Subscribed 'thering0010' to Alive channel
2023-01-10T16:35:27.474Z - info: [ui] [AppStore] adding repository at /home/vintalorian/Documents/GitHub/dotfiles to store
